<?xml version="1.0" encoding="UTF-8"?>
<!-- Generated by org.testng.reporters.JUnitReportReporter -->
<testsuite skipped="0" hostname="L3B1L4M2" name="RestApi.RestApi.TestApi" tests="2" failures="0" timestamp="31 Jul 2018 18:09:03 GMT" time="13.791" errors="0">
  <testcase name="GetWeatherDetails" time="9.939" classname="RestApi.RestApi.TestApi"/>
  <testcase name="RegistrationSuccessful" time="3.852" classname="RestApi.RestApi.TestApi"/>
</testsuite> <!-- RestApi.RestApi.TestApi -->
