<?xml version="1.0" encoding="UTF-8"?>
<!-- Generated by org.testng.reporters.JUnitReportReporter -->
<testsuite skipped="0" hostname="L3B1L4M2" name="RestApi.RestApi.TestApi" tests="1" failures="0" timestamp="31 Jul 2018 16:05:40 GMT" time="10.218" errors="0">
  <testcase name="GetWeatherDetails" time="10.218" classname="RestApi.RestApi.TestApi"/>
</testsuite> <!-- RestApi.RestApi.TestApi -->
